<?xml version="1.0" encoding="UTF-8"?>
<!-- Generated by org.testng.reporters.JUnitXMLReporter -->
<testsuite ignored="0" hostname="Vishal" failures="0" tests="3" name="Default test" time="18.05" errors="0" timestamp="2026-07-13T22:11:26 IST">
  <testcase classname="testCases.TC_003_LoginDDT" name="verify_loginDDT" time="2.15"/>
  <testcase classname="testCases.TC_003_LoginDDT" name="verify_loginDDT" time="11.322"/>
  <testcase classname="testCases.TC_003_LoginDDT" name="verify_loginDDT" time="0.001"/>
</testsuite> <!-- Default test -->
