<?xml version="1.0" encoding="UTF-8"?>
<!-- Generated by org.testng.reporters.JUnitXMLReporter -->
<testsuite ignored="2" hostname="Vishal" failures="0" tests="0" time="0.372" errors="0" timestamp="2026-07-14T08:59:07 IST">
  <testcase classname="testCases.TC_001_AccountRegistrationTest" name="verify_account_registration" time="0.0">
    <ignored/>
  </testcase> <!-- verify_account_registration -->
  <testcase classname="testCases.TC_002_LoginTest" name="verify_login" time="0.0">
    <ignored/>
  </testcase> <!-- verify_login -->
</testsuite>
