<?xml version="1.0" encoding="UTF-8"?>
<testsuite xmlns:xsi="http://www.w3.org/2001/XMLSchema-instance" xsi:noNamespaceSchemaLocation="https://maven.apache.org/surefire/maven-surefire-plugin/xsd/surefire-test-report.xsd" version="3.0.1" name="TestSuite" time="23.361" tests="2" errors="0" skipped="0" failures="0">
  <properties>
[...]
</properties>
  <testcase name="verify_account_registration" classname="testCases.TC_001_AccountRegistrationTest" time="2.511">
    <system-out><![CDATA[2026-07-17 17:00:36 INFO  TC_001_AccountRegistrationTest:15 - ***** Starting TC001_AccountRegistrationTest  ****
2026-07-17 17:00:36 INFO  TC_001_AccountRegistrationTest:22 - Clicked on MyAccount Link.. 
2026-07-17 17:00:36 INFO  TC_001_AccountRegistrationTest:23 - Clicked on Register Link.. 
2026-07-17 17:00:36 INFO  TC_001_AccountRegistrationTest:27 - Providing customer details...
2026-07-17 17:00:38 INFO  TC_001_AccountRegistrationTest:40 - Validating expected message..
2026-07-17 17:00:38 INFO  TC_001_AccountRegistrationTest:41 - Test passed
2026-07-17 17:00:38 INFO  TC_001_AccountRegistrationTest:53 - ***** Finished TC001_AccountRegistrationTest *****
]]></system-out>
    <system-err><![CDATA[SLF4J(W): No SLF4J providers were found.
SLF4J(W): Defaulting to no-operation (NOP) logger implementation
SLF4J(W): See https://www.slf4j.org/codes.html#noProviders for further details.
2026-07-17T11:30:33.995105600Z main INFO Starting configuration XmlConfiguration[location=C:\eclipse-workspace\tutorialsninjaHybridFramework\target\test-classes\log4j2.xml, lastModified=2026-07-10T03:55:46.605Z]...
2026-07-17T11:30:33.996105500Z main INFO Configuration XmlConfiguration[location=C:\eclipse-workspace\tutorialsninjaHybridFramework\target\test-classes\log4j2.xml, lastModified=2026-07-10T03:55:46.605Z] started.
2026-07-17T11:30:33.997105200Z main INFO Stopping configuration org.apache.logging.log4j.core.config.DefaultConfiguration@503ecb24...
2026-07-17T11:30:33.997105200Z main INFO Configuration org.apache.logging.log4j.core.config.DefaultConfiguration@503ecb24 stopped.
Jul 17, 2026 5:00:35 PM org.openqa.selenium.devtools.CdpVersionFinder findNearestMatch
WARNING: Unable to find an exact match for CDP version 150, returning the closest version; found: 149; Please update to a Selenium version that supports CDP version 150
]]></system-err>
  </testcase>
  <testcase name="verify_login" classname="testCases.TC_002_LoginTest" time="15.514">
    <system-out><![CDATA[2026-07-17 17:00:40 INFO  TC_002_LoginTest:48 - **** Starting TC_002_LoginTest  ****
2026-07-17 17:00:40 INFO  TC_002_LoginTest:55 - clicked on myaccount link on the home page..
2026-07-17 17:00:45 INFO  TC_002_LoginTest:58 - clicked on login link under myaccount..
2026-07-17 17:00:45 INFO  TC_002_LoginTest:62 - Entering valid email and password..
test vishal patildaksha7@gmail.com
test vishal Dakshu@20
2026-07-17 17:00:56 INFO  TC_002_LoginTest:73 - clicked on ligin button..
2026-07-17 17:00:56 INFO  TC_002_LoginTest:87 - **** Finished TC_002_LoginTest  ****
]]></system-out>
    <system-err><![CDATA[Jul 17, 2026 5:00:39 PM org.openqa.selenium.devtools.CdpVersionFinder findNearestMatch
WARNING: Unable to find an exact match for CDP version 150, returning the closest version; found: 149; Please update to a Selenium version that supports CDP version 150
]]></system-err>
  </testcase>
</testsuite>