<?xml version="1.0" encoding="UTF-8"?>
<!-- Generated by org.testng.reporters.JUnitReportReporter -->
<testsuite hostname="Vishal" failures="0" tests="3" name="testCases.TC_003_LoginDDT" time="13.473" errors="0" timestamp="2026-07-13T22:11:26 IST" skipped="0">
  <testcase classname="testCases.TC_003_LoginDDT" name="verify_loginDDT" time="0.001"/>
  <testcase classname="testCases.TC_003_LoginDDT" name="verify_loginDDT" time="2.150"/>
  <testcase classname="testCases.TC_003_LoginDDT" name="verify_loginDDT" time="11.322"/>
</testsuite> <!-- testCases.TC_003_LoginDDT -->
